{"C:\\Users\\User\\gestion-courses-familiales\\backend\\services\\topProduct.js": {"path":"C:\\Users\\User\\gestion-courses-familiales\\backend\\services\\topProduct.js","statementMap":{"0":{"start":{"line":7,"column":2},"end":{"line":9,"column":3}},"1":{"start":{"line":8,"column":4},"end":{"line":8,"column":16}},"2":{"start":{"line":11,"column":16},"end":{"line":11,"column":18}},"3":{"start":{"line":14,"column":2},"end":{"line":16,"column":3}},"4":{"start":{"line":15,"column":4},"end":{"line":15,"column":47}},"5":{"start":{"line":19,"column":2},"end":{"line":21,"column":4}},"6":{"start":{"line":20,"column":4},"end":{"line":20,"column":31}},"7":{"start":{"line":24,"column":0},"end":{"line":24,"column":28}}},"fnMap":{"0":{"name":"topProduct","decl":{"start":{"line":6,"column":9},"end":{"line":6,"column":19}},"loc":{"start":{"line":6,"column":30},"end":{"line":22,"column":1}},"line":6},"1":{"name":"(anonymous_1)","decl":{"start":{"line":19,"column":35},"end":{"line":19,"column":36}},"loc":{"start":{"line":20,"column":4},"end":{"line":20,"column":31}},"line":20}},"branchMap":{"0":{"loc":{"start":{"line":7,"column":2},"end":{"line":9,"column":3}},"type":"if","locations":[{"start":{"line":7,"column":2},"end":{"line":9,"column":3}},{"start":{},"end":{}}],"line":7},"1":{"loc":{"start":{"line":7,"column":6},"end":{"line":7,"column":40}},"type":"binary-expr","locations":[{"start":{"line":7,"column":6},"end":{"line":7,"column":15}},{"start":{"line":7,"column":19},"end":{"line":7,"column":40}}],"line":7},"2":{"loc":{"start":{"line":15,"column":22},"end":{"line":15,"column":41}},"type":"binary-expr","locations":[{"start":{"line":15,"column":22},"end":{"line":15,"column":36}},{"start":{"line":15,"column":40},"end":{"line":15,"column":41}}],"line":15},"3":{"loc":{"start":{"line":20,"column":4},"end":{"line":20,"column":31}},"type":"cond-expr","locations":[{"start":{"line":20,"column":26},"end":{"line":20,"column":27}},{"start":{"line":20,"column":30},"end":{"line":20,"column":31}}],"line":20}},"s":{"0":4,"1":1,"2":3,"3":3,"4":8,"5":3,"6":2,"7":1},"f":{"0":4,"1":2},"b":{"0":[1,3],"1":[4,4],"2":[8,5],"3":[1,1]},"_coverageSchema":"1a1c01bbd47fc00a2c39e90264f33305004495a9","hash":"0669831c27106aed88840c7a3a0cd237a1a05539"}
}
