{"C:\\Users\\User\\gestion-courses-familiales\\backend\\services\\topProduct.js": {"path":"C:\\Users\\User\\gestion-courses-familiales\\backend\\services\\topProduct.js","statementMap":{"0":{"start":{"line":3,"column":16},"end":{"line":3,"column":18}},"1":{"start":{"line":4,"column":2},"end":{"line":6,"column":3}},"2":{"start":{"line":5,"column":4},"end":{"line":5,"column":35}},"3":{"start":{"line":7,"column":2},"end":{"line":9,"column":4}},"4":{"start":{"line":8,"column":4},"end":{"line":8,"column":31}},"5":{"start":{"line":12,"column":0},"end":{"line":12,"column":28}}},"fnMap":{"0":{"name":"topProduct","decl":{"start":{"line":2,"column":9},"end":{"line":2,"column":19}},"loc":{"start":{"line":2,"column":30},"end":{"line":10,"column":1}},"line":2},"1":{"name":"(anonymous_1)","decl":{"start":{"line":7,"column":35},"end":{"line":7,"column":36}},"loc":{"start":{"line":8,"column":4},"end":{"line":8,"column":31}},"line":8}},"branchMap":{"0":{"loc":{"start":{"line":5,"column":16},"end":{"line":5,"column":29}},"type":"binary-expr","locations":[{"start":{"line":5,"column":16},"end":{"line":5,"column":24}},{"start":{"line":5,"column":28},"end":{"line":5,"column":29}}],"line":5},"1":{"loc":{"start":{"line":8,"column":4},"end":{"line":8,"column":31}},"type":"cond-expr","locations":[{"start":{"line":8,"column":26},"end":{"line":8,"column":27}},{"start":{"line":8,"column":30},"end":{"line":8,"column":31}}],"line":8}},"s":{"0":1,"1":1,"2":3,"3":1,"4":1,"5":1},"f":{"0":1,"1":1},"b":{"0":[3,2],"1":[1,0]},"_coverageSchema":"1a1c01bbd47fc00a2c39e90264f33305004495a9","hash":"ab994e9687b415c944c6fe49d3887b3327dea55a"}
}
